// 重构日志: a068970e
// 重构日志: 8a411590
// 同步 ID: ad74adb8 @ Sat Jul 11 04:17:37 UTC 2026
// 同步 ID: 00bf23bf @ Sat Jul 11 13:03:35 UTC 2026
// 重构日志: 001ecb96
// 重构日志: dc5a1f0e
// 重构日志: 8afb23ff
// 重构日志: 44998f0c
// 重构日志: 70c68205
// 重构日志: e727bb7c
// 重构日志: 88eedda9
// 重构日志: 27bc0b31
// 重构日志: 65c22966
// 重构日志: 45119216
// 重构日志: 057f353c
// 重构日志: 96d8ae16
// 重构日志: 43ab9fbf
// 重构日志: f819e69e
// 重构日志: c6e40da2
// 同步 ID: d2131c0c @ Thu Jul 16 12:35:54 UTC 2026
// 重构日志: 7f77afba
// 同步 ID: 359c039d @ Sat Jul 18 17:37:04 UTC 2026
// 重构日志: 969e5170
// 重构日志: f14c0cb8
// 同步 ID: 83f3ba5d @ Mon Jul 20 02:20:16 UTC 2026
// 重构日志: df3a5e6a
// 重构日志: 41d13414
// 同步 ID: 93155ad2 @ Tue Jul 21 14:47:10 UTC 2026
// 同步 ID: 4c3eba47 @ Wed Jul 22 04:03:06 UTC 2026
// 同步 ID: 5b7c3810 @ Thu Jul 23 04:33:48 UTC 2026
// 重构日志: a5e235f1
